<?xml version="1.0" encoding="UTF-8"?>
<!-- Generated by org.testng.reporters.JUnitXMLReporter -->
<testsuite hostname="BOB" name="Default test" tests="4" failures="0" timestamp="17 Aug 2016 12:13:53 GMT" time="0.097" errors="0">
  <testcase name="test1" time="0.017" classname="train1.AppTest"/>
  <testcase name="test" time="0.003" classname="train1.AppTest"/>
  <testcase name="test" time="0.007" classname="train1.APPTest2"/>
  <testcase name="test1" time="0.003" classname="train1.APPTest2"/>
</testsuite> <!-- Default test -->
