<?xml version="1.0" encoding="UTF-8" ?>
<testsuite tests="5" failures="4" name="TestSuite" time="0.015" errors="0" skipped="0">
  <properties>
[...]
</properties>
  <testcase classname="train1.AppTest" name="test1" time="0.014">
    <failure type="java.lang.AssertionError:">java.lang.AssertionError: 
	at org.testng.AssertJUnit.fail(AssertJUnit.java:59)
	at org.testng.AssertJUnit.assertTrue(AssertJUnit.java:24)
	at org.testng.AssertJUnit.assertTrue(AssertJUnit.java:33)
	at train1.AppTest.test1(AppTest.java:47)
</failure>
    <system-out>BeforeSuite_______-
BeforeTest-
[TestRunner] Starting executor for test Default test with time out:2147483647 milliseconds.
BeforeClass++++
BeforeMethod++++
this is 11--2
</system-out>
  </testcase>
  <testcase classname="train1.AppTest" name="test1" time="0">
    <failure type="java.lang.AssertionError:">java.lang.AssertionError: 
	at org.testng.AssertJUnit.fail(AssertJUnit.java:59)
	at org.testng.AssertJUnit.assertTrue(AssertJUnit.java:24)
	at org.testng.AssertJUnit.assertTrue(AssertJUnit.java:33)
	at train1.AppTest.test1(AppTest.java:47)
</failure>
    <system-out>AfterMethod____________
BeforeMethod++++
this is 11--2
</system-out>
  </testcase>
  <testcase classname="train1.AppTest" name="test1" time="0">
    <failure type="java.lang.AssertionError:">java.lang.AssertionError: 
	at org.testng.AssertJUnit.fail(AssertJUnit.java:59)
	at org.testng.AssertJUnit.assertTrue(AssertJUnit.java:24)
	at org.testng.AssertJUnit.assertTrue(AssertJUnit.java:33)
	at train1.AppTest.test1(AppTest.java:47)
</failure>
    <system-out>AfterMethod____________
BeforeMethod++++
this is 11--2
</system-out>
  </testcase>
  <testcase classname="train1.AppTest" name="test1" time="0"/>
  <testcase classname="train1.AppTest" name="test1" time="0.001">
    <failure type="java.lang.AssertionError:">java.lang.AssertionError: 
	at org.testng.AssertJUnit.fail(AssertJUnit.java:59)
	at org.testng.AssertJUnit.assertTrue(AssertJUnit.java:24)
	at org.testng.AssertJUnit.assertTrue(AssertJUnit.java:33)
	at train1.AppTest.test1(AppTest.java:47)
</failure>
    <system-out>AfterMethod____________
BeforeMethod++++
this is 11--2
</system-out>
  </testcase>
</testsuite>