<?xml version="1.0" encoding="UTF-8"?>
<testng-results skipped="0" failed="0" total="4" passed="4">
  <reporter-output>
  </reporter-output>
  <suite name="Default suite" duration-ms="44" started-at="2016-08-18T14:43:39Z" finished-at="2016-08-18T14:43:39Z">
    <groups>
    </groups>
    <test name="Default test" duration-ms="44" started-at="2016-08-18T14:43:39Z" finished-at="2016-08-18T14:43:39Z">
      <class name="train1.DataProviderTest">
        <test-method status="PASS" signature="Data1(int, int)[pri:0, instance:train1.DataProviderTest@2a2d45ba]" name="Data1" duration-ms="10" started-at="2016-08-18T22:43:39Z" finished-at="2016-08-18T22:43:39Z">
          <params>
            <param index="0">
              <value>
                <![CDATA[3]]>
              </value>
            </param>
            <param index="1">
              <value>
                <![CDATA[5]]>
              </value>
            </param>
          </params>
          <reporter-output>
          </reporter-output>
        </test-method> <!-- Data1 -->
        <test-method status="PASS" signature="Data1(int, int)[pri:0, instance:train1.DataProviderTest@2a2d45ba]" name="Data1" duration-ms="2" started-at="2016-08-18T22:43:39Z" finished-at="2016-08-18T22:43:39Z">
          <params>
            <param index="0">
              <value>
                <![CDATA[4]]>
              </value>
            </param>
            <param index="1">
              <value>
                <![CDATA[5]]>
              </value>
            </param>
          </params>
          <reporter-output>
          </reporter-output>
        </test-method> <!-- Data1 -->
        <test-method status="PASS" signature="Data2(java.lang.String, java.lang.String)[pri:0, instance:train1.DataProviderTest@2a2d45ba]" name="Data2" duration-ms="3" started-at="2016-08-18T22:43:39Z" finished-at="2016-08-18T22:43:39Z">
          <params>
            <param index="0">
              <value>
                <![CDATA[admin]]>
              </value>
            </param>
            <param index="1">
              <value>
                <![CDATA[123]]>
              </value>
            </param>
          </params>
          <reporter-output>
          </reporter-output>
        </test-method> <!-- Data2 -->
        <test-method status="PASS" signature="Data2(java.lang.String, java.lang.String)[pri:0, instance:train1.DataProviderTest@2a2d45ba]" name="Data2" duration-ms="3" started-at="2016-08-18T22:43:39Z" finished-at="2016-08-18T22:43:39Z">
          <params>
            <param index="0">
              <value>
                <![CDATA[peilei]]>
              </value>
            </param>
            <param index="1">
              <value>
                <![CDATA[234]]>
              </value>
            </param>
          </params>
          <reporter-output>
          </reporter-output>
        </test-method> <!-- Data2 -->
      </class> <!-- train1.DataProviderTest -->
    </test> <!-- Default test -->
  </suite> <!-- Default suite -->
</testng-results>
